<?xml version="1.0" encoding="UTF-8"?>
<!-- Generated by org.testng.reporters.JUnitReportReporter -->
<testsuite hostname="Williams-MacBook-Air.local" failures="0" tests="1" name="testCases.US6GetVoucherByPersonTypeAPI" time="0.109" errors="0" timestamp="2024-11-30T11:50:25 MYT" skipped="0">
  <testcase classname="testCases.US6GetVoucherByPersonTypeAPI" name="US6testCase1" time="0.109"/>
</testsuite> <!-- testCases.US6GetVoucherByPersonTypeAPI -->
